<?xml version="1.0" encoding="UTF-8"?>
<!-- Generated by org.testng.reporters.JUnitXMLReporter -->
<testsuite ignored="1" hostname="LAPTOP-IKS9SD1L" failures="0" tests="24" name="manager " time="33.815" errors="0" timestamp="19 Mar 2023 02:19:06 GMT">
  <testcase classname="testcases.addCustomerTest" name="addCustomerTest" time="1.958"/>
  <testcase classname="testcases.addCustomerTest" name="addCustomerTest" time="1.753"/>
  <testcase classname="testcases.addCustomerTest" name="addCustomerTest" time="1.603"/>
  <testcase classname="testcases.addCustomerTest" name="addCustomerTest" time="1.549"/>
  <testcase classname="testcases.addCustomerTest" name="addCustomerTest" time="1.517"/>
  <testcase classname="testcases.addCustomerTest" name="addCustomerTest" time="1.338"/>
  <testcase classname="testcases.addCustomerTest" name="addCustomerTest" time="1.364"/>
  <testcase classname="testcases.addCustomerTest" name="addCustomerTest" time="1.335"/>
  <testcase classname="testcases.addCustomerTest" name="addCustomerTest" time="1.565"/>
  <testcase classname="testcases.addCustomerTest" name="addCustomerTest" time="1.408"/>
  <testcase classname="testcases.addCustomerTest" name="addCustomerTest" time="1.329"/>
  <testcase classname="testcases.addCustomerTest" name="addCustomerTest" time="1.443"/>
  <testcase classname="testcases.addCustomerTest" name="addCustomerTest" time="1.442"/>
  <testcase classname="testcases.addCustomerTest" name="addCustomerTest" time="1.477"/>
  <testcase classname="testcases.addCustomerTest" name="addCustomerTest" time="1.303"/>
  <testcase classname="testcases.addCustomerTest" name="addCustomerTest" time="1.242"/>
  <testcase classname="testcases.addCustomerTest" name="addCustomerTest" time="1.272"/>
  <testcase classname="testcases.addCustomerTest" name="addCustomerTest" time="1.463"/>
  <testcase classname="testcases.addCustomerTest" name="addCustomerTest" time="1.433"/>
  <testcase classname="testcases.addCustomerTest" name="addCustomerTest" time="1.31"/>
  <testcase classname="testcases.addCustomerTest" name="addCustomerTest" time="1.272"/>
  <testcase classname="testcases.addCustomerTest" name="addCustomerTest" time="1.564"/>
  <testcase classname="testcases.OpenAccountTest" name="openAccountForExistingCustomers" time="1.237"/>
  <testcase classname="testcases.addCustomerTest" name="screenshotValidationAmeo" time="0.235">
    <skipped/>
  </testcase> <!-- screenshotValidationAmeo -->
  <testcase classname="base.BaseTest" name="@AfterSuite tearDown" time="0.0">
    <ignored/>
  </testcase> <!-- @AfterSuite tearDown -->
</testsuite> <!-- manager  -->
